#
# A fatal error has been detected by the Java Runtime Environment:
#
#  SIGBUS (0x7) at pc=0x00007fe3040e4db6, pid=10318, tid=140612940666624
#
# JRE version: 6.0_24-b24
# Java VM: OpenJDK 64-Bit Server VM (20.0-b12 mixed mode linux-amd64 compressed oops)
# Derivative: IcedTea6 1.11.11.90
# Distribution: Amazon Linux BASE release 2012.03, package amazon-62.1.11.11.90.55.amzn1-x86_64
# Problematic frame:
# C  [libc.so.6+0x8bdb6]  memcpy+0x286
#
# If you would like to submit a bug report, please include
# instructions how to reproduce the bug and visit:
#   http://icedtea.classpath.org/bugzilla
# The crash happened outside the Java Virtual Machine in native code.
# See problematic frame for where to report the bug.
#

---------------  T H R E A D  ---------------

Current thread (0x00007fe2d04f3000):  JavaThread "Grizzly-worker(1)" daemon [_thread_in_native, id=10334, stack(0x00007fe300511000,0x00007fe300612000)]

siginfo:si_signo=SIGBUS: si_errno=0, si_code=2 (BUS_ADRERR), si_addr=0x00007fe300cab000

Registers:
RAX=0x0000000000000000, RBX=0x0000000000000000, RCX=0x000000000000004c, RDX=0x0000000000003273
RSP=0x00007fe30060d998, RBP=0x00007fe30060d9e0, RSI=0x00007fe300caaff8, RDI=0x00007fe2e001bc25
R8 =0x0000000000003240, R9 =0x0000000000000000, R10=0x0000000000000000, R11=0x0000000000000000
R12=0x0000000000000000, R13=0x0000000000000000, R14=0x0000000000000000, R15=0x0000000000007278
RIP=0x00007fe3040e4db6, EFLAGS=0x0000000000010202, CSGSFS=0x000000000000e033, ERR=0x0000000000000004
  TRAPNO=0x000000000000000e

Top of Stack: (sp=0x00007fe30060d998)
0x00007fe30060d998:   00007fe302084d60 00007fe30060d9c0
0x00007fe30060d9a8:   692f70e303ab7fa1 0000000000000134
0x00007fe30060d9b8:   00007fe2d00da3b0 00007fe2d00d93b0
0x00007fe30060d9c8:   000000002631089a 00007fe30060da50
0x00007fe30060d9d8:   0000000000000034 00007fe30060da30
0x00007fe30060d9e8:   00007fe302085e22 00007fe2d04f3000
0x00007fe30060d9f8:   00007fe2e0033e60 00007fe2d04f3000
0x00007fe30060da08:   00007fe2d04f31d0 00007fe30060da50
0x00007fe30060da18:   0000000000000034 00007fe30060dea8
0x00007fe30060da28:   00007fe30060da50 00007fe30060de90
0x00007fe30060da38:   00007fe30208445d 0000003401000002
0x00007fe30060da48:   00007fe2d00d93b0 726f632f32696478
0x00007fe30060da58:   6174736e6f632f65 414944582f73746e
0x00007fe30060da68:   6369746e65687475 6e6f436e6f697461
0x00007fe30060da78:   632e73746e617473 000000007373616c
0x00007fe30060da88:   00000000baf74570 00007fe30060dea0
0x00007fe30060da98:   00007fe2f9010cfb 00007fe30060def0
0x00007fe30060daa8:   00007fe30060dd10 00007fe2d04f3000
0x00007fe30060dab8:   00007fe2d04e38c0 00007fe2d80b0330
0x00007fe30060dac8:   00007fe2d80b0480 00007fe2d80b0718
0x00007fe30060dad8:   00007fe30060e1b0 00007fe2f9000310
0x00007fe30060dae8:   00007fe2d04f3000 00007fe2d80b0470
0x00007fe30060daf8:   00007fe2d0501c60 00007fe30060dc90
0x00007fe30060db08:   00007fe2d04f3000 00007fe2d80b0470
0x00007fe30060db18:   00007fe2d0501c60 00007fe30060dc90
0x00007fe30060db28:   00007fe303962ae0 00007fe30060dc70
0x00007fe30060db38:   00007fe30394c2fe 00007fe300610a10
0x00007fe30060db48:   00007fe3006109a8 00007fe2d04f31d0
0x00007fe30060db58:   00007fe2d80047c8 00007fe2d80043f0
0x00007fe30060db68:   00007fe2d80043e0 00007fe30060dd10
0x00007fe30060db78:   00007fe30060db80 00007fe30060dbb0
0x00007fe30060db88:   00000000baf74570 00000000ce750090 

Instructions: (pc=0x00007fe3040e4db6)
0x00007fe3040e4d96:   0d 8f 80 03 00 00 48 8d 76 40 48 8d 7f 40 0f 85
0x00007fe3040e4da6:   46 ff ff ff e9 b7 00 00 00 90 48 ff c9 48 8b 06
0x00007fe3040e4db6:   48 8b 5e 08 4c 8b 4e 10 4c 8b 56 18 4c 8b 5e 20
0x00007fe3040e4dc6:   4c 8b 66 28 4c 8b 6e 30 4c 8b 76 38 0f 18 8e 80 

Register to memory mapping:

RAX=0x0000000000000000 is an unknown value
RBX=0x0000000000000000 is an unknown value
RCX=0x000000000000004c is an unknown value
RDX=0x0000000000003273 is an unknown value
RSP=0x00007fe30060d998 is pointing into the stack for thread: 0x00007fe2d04f3000
RBP=0x00007fe30060d9e0 is pointing into the stack for thread: 0x00007fe2d04f3000
RSI=0x00007fe300caaff8 is an unknown value
RDI=0x00007fe2e001bc25 is an unknown value
R8 =0x0000000000003240 is an unknown value
R9 =0x0000000000000000 is an unknown value
R10=0x0000000000000000 is an unknown value
R11=0x0000000000000000 is an unknown value
R12=0x0000000000000000 is an unknown value
R13=0x0000000000000000 is an unknown value
R14=0x0000000000000000 is an unknown value
R15=0x0000000000007278 is an unknown value


Stack: [0x00007fe300511000,0x00007fe300612000],  sp=0x00007fe30060d998,  free space=1010k
Native frames: (J=compiled Java code, j=interpreted, Vv=VM code, C=native code)
C  [libc.so.6+0x8bdb6]  memcpy+0x286
C  [libzip.so+0x4e22]  ZIP_GetEntry+0xc2
C  [libzip.so+0x345d]  Java_java_util_zip_ZipFile_getEntry+0xbd
J  java.util.zip.ZipFile.getEntry(JLjava/lang/String;Z)J

Java frames: (J=compiled Java code, j=interpreted, Vv=VM code)
J  java.util.zip.ZipFile.getEntry(JLjava/lang/String;Z)J
J  java.util.jar.JarFile.getEntry(Ljava/lang/String;)Ljava/util/zip/ZipEntry;
J  sun.misc.URLClassPath$JarLoader.getResource(Ljava/lang/String;Z)Lsun/misc/Resource;
J  sun.misc.URLClassPath.getResource(Ljava/lang/String;Z)Lsun/misc/Resource;
j  java.net.URLClassLoader$1.run()Ljava/lang/Object;+26
v  ~StubRoutines::call_stub
j  java.security.AccessController.doPrivileged(Ljava/security/PrivilegedExceptionAction;Ljava/security/AccessControlContext;)Ljava/lang/Object;+0
J  java.net.URLClassLoader.findClass(Ljava/lang/String;)Ljava/lang/Class;
J  java.lang.ClassLoader.loadClass(Ljava/lang/String;Z)Ljava/lang/Class;
j  java.lang.ClassLoader.loadClass(Ljava/lang/String;)Ljava/lang/Class;+3
v  ~StubRoutines::call_stub
j  xdi2.messaging.Message.setSecretToken(Ljava/lang/String;)V+8
j  clouds.client.basic.PersonalCloud.getWholeGraph()Lxdi2/core/Graph;+43
j  com.example.PersonalClouds.getInfo(Ljava/lang/String;Ljava/lang/String;)Ljava/lang/String;+50
v  ~StubRoutines::call_stub
j  sun.reflect.NativeMethodAccessorImpl.invoke0(Ljava/lang/reflect/Method;Ljava/lang/Object;[Ljava/lang/Object;)Ljava/lang/Object;+0
j  sun.reflect.NativeMethodAccessorImpl.invoke(Ljava/lang/Object;[Ljava/lang/Object;)Ljava/lang/Object;+87
j  sun.reflect.DelegatingMethodAccessorImpl.invoke(Ljava/lang/Object;[Ljava/lang/Object;)Ljava/lang/Object;+6
j  java.lang.reflect.Method.invoke(Ljava/lang/Object;[Ljava/lang/Object;)Ljava/lang/Object;+161
j  org.glassfish.jersey.server.model.internal.ResourceMethodInvocationHandlerFactory$1.invoke(Ljava/lang/Object;Ljava/lang/reflect/Method;[Ljava/lang/Object;)Ljava/lang/Object;+3
j  org.glassfish.jersey.server.model.internal.AbstractJavaResourceMethodDispatcher$1.run()Ljava/lang/Object;+22
j  org.glassfish.jersey.server.model.internal.AbstractJavaResourceMethodDispatcher.invoke(Ljava/lang/Object;[Ljava/lang/Object;)Ljava/lang/Object;+83
j  org.glassfish.jersey.server.model.internal.JavaResourceMethodDispatcherProvider$TypeOutInvoker.doDispatch(Ljava/lang/Object;Ljavax/ws/rs/core/Request;)Ljavax/ws/rs/core/Response;+6
j  org.glassfish.jersey.server.model.internal.AbstractJavaResourceMethodDispatcher.dispatch(Ljava/lang/Object;Lorg/glassfish/jersey/server/ContainerRequest;)Ljavax/ws/rs/core/Response;+3
j  org.glassfish.jersey.server.model.ResourceMethodInvoker.invoke(Lorg/glassfish/jersey/server/ContainerRequest;Ljava/lang/Object;)Ljavax/ws/rs/core/Response;+13
j  org.glassfish.jersey.server.model.ResourceMethodInvoker.apply(Lorg/glassfish/jersey/server/ContainerRequest;)Lorg/glassfish/jersey/server/ContainerResponse;+103
j  org.glassfish.jersey.server.model.ResourceMethodInvoker.apply(Ljava/lang/Object;)Ljava/lang/Object;+5
j  org.glassfish.jersey.server.ServerRuntime$1.run()V+198
j  org.glassfish.jersey.internal.Errors$1.call()Ljava/lang/Void;+4
j  org.glassfish.jersey.internal.Errors$1.call()Ljava/lang/Object;+1
j  org.glassfish.jersey.internal.Errors.process(Ljava/util/concurrent/Callable;Z)Ljava/lang/Object;+36
j  org.glassfish.jersey.internal.Errors.process(Lorg/glassfish/jersey/internal/util/Producer;Z)Ljava/lang/Object;+2
j  org.glassfish.jersey.internal.Errors.process(Ljava/lang/Runnable;)V+9
j  org.glassfish.jersey.process.internal.RequestScope.runInScope(Ljava/lang/Runnable;)V+25
j  org.glassfish.jersey.server.ServerRuntime.process(Lorg/glassfish/jersey/server/ContainerRequest;)V+22
j  org.glassfish.jersey.server.ApplicationHandler.handle(Lorg/glassfish/jersey/server/ContainerRequest;)V+5
j  org.glassfish.jersey.grizzly2.httpserver.GrizzlyHttpContainer.service(Lorg/glassfish/grizzly/http/server/Request;Lorg/glassfish/grizzly/http/server/Response;)V+152
j  org.glassfish.grizzly.http.server.HttpHandler$1.run()V+39
j  org.glassfish.grizzly.threadpool.AbstractThreadPool$Worker.doWork()V+47
j  org.glassfish.grizzly.threadpool.AbstractThreadPool$Worker.run()V+9
j  java.lang.Thread.run()V+11
v  ~StubRoutines::call_stub

---------------  P R O C E S S  ---------------

Java Threads: ( => current thread )
  0x00007fe2e0061800 JavaThread "Keep-Alive-Timer" daemon [_thread_blocked, id=14379, stack(0x00007fe30020e000,0x00007fe30030f000)]
  0x00007fe2d802f800 JavaThread "Grizzly-HttpSession-Expirer" daemon [_thread_blocked, id=10338, stack(0x00007fe30030f000,0x00007fe300410000)]
  0x00007fe2d04e9000 JavaThread "Grizzly-worker(2)" daemon [_thread_blocked, id=10335, stack(0x00007fe300410000,0x00007fe300511000)]
=>0x00007fe2d04f3000 JavaThread "Grizzly-worker(1)" daemon [_thread_in_native, id=10334, stack(0x00007fe300511000,0x00007fe300612000)]
  0x00007fe2d051a000 JavaThread "Grizzly-kernel(1) SelectorRunner" daemon [_thread_in_native, id=10333, stack(0x00007fe300612000,0x00007fe300713000)]
  0x00007fe2d0513000 JavaThread "HttpServer-0" daemon [_thread_blocked, id=10332, stack(0x00007fe300b3f000,0x00007fe300c40000)]
  0x00007fe2fc200800 JavaThread "com.example.Main.main()" [_thread_blocked, id=10331, stack(0x00007fe301167000,0x00007fe301268000)]
  0x00007fe2fc095800 JavaThread "Low Memory Detector" daemon [_thread_blocked, id=10327, stack(0x00007fe3013fb000,0x00007fe3014fc000)]
  0x00007fe2fc093800 JavaThread "C2 CompilerThread1" daemon [_thread_blocked, id=10326, stack(0x00007fe3014fc000,0x00007fe3015fd000)]
  0x00007fe2fc08f000 JavaThread "C2 CompilerThread0" daemon [_thread_blocked, id=10325, stack(0x00007fe3015fd000,0x00007fe3016fe000)]
  0x00007fe2fc08d800 JavaThread "Signal Dispatcher" daemon [_thread_blocked, id=10324, stack(0x00007fe3016fe000,0x00007fe3017ff000)]
  0x00007fe2fc06e800 JavaThread "Finalizer" daemon [_thread_blocked, id=10323, stack(0x00007fe3017ff000,0x00007fe301900000)]
  0x00007fe2fc06d000 JavaThread "Reference Handler" daemon [_thread_blocked, id=10322, stack(0x00007fe301900000,0x00007fe301a01000)]
  0x00007fe2fc007000 JavaThread "main" [_thread_blocked, id=10320, stack(0x00007fe304d2c000,0x00007fe304e2d000)]

Other Threads:
  0x00007fe2fc068000 VMThread [stack: 0x00007fe301a01000,0x00007fe301b02000] [id=10321]
  0x00007fe2fc098800 WatcherThread [stack: 0x00007fe3012fa000,0x00007fe3013fb000] [id=10328]

VM state:not at safepoint (normal execution)

VM Mutex/Monitor currently owned by a thread: None

Heap
 def new generation   total 18112K, used 2025K [0x00000000bae00000, 0x00000000bc1a0000, 0x00000000ce750000)
  eden space 16128K,   9% used [0x00000000bae00000, 0x00000000baf8f390, 0x00000000bbdc0000)
  from space 1984K,  21% used [0x00000000bbfb0000, 0x00000000bc01b388, 0x00000000bc1a0000)
  to   space 1984K,   0% used [0x00000000bbdc0000, 0x00000000bbdc0000, 0x00000000bbfb0000)
 tenured generation   total 40064K, used 6965K [0x00000000ce750000, 0x00000000d0e70000, 0x00000000f5a00000)
   the space 40064K,  17% used [0x00000000ce750000, 0x00000000cee1d4e8, 0x00000000cee1d600, 0x00000000d0e70000)
 compacting perm gen  total 29248K, used 29150K [0x00000000f5a00000, 0x00000000f7690000, 0x0000000100000000)
   the space 29248K,  99% used [0x00000000f5a00000, 0x00000000f7677918, 0x00000000f7677a00, 0x00000000f7690000)
No shared spaces configured.

Code Cache  [0x00007fe2f9000000, 0x00007fe2f9270000, 0x00007fe2fc000000)
 total_blobs=776 nmethods=481 adapters=249 free_code_cache=48495808 largest_free_block=8640

Dynamic libraries:
00400000-00408000 r-xp 00000000 ca:01 132520                             /usr/lib/jvm/java-1.6.0-openjdk-1.6.0.0.x86_64/bin/java
00608000-00609000 rw-p 00008000 ca:01 132520                             /usr/lib/jvm/java-1.6.0-openjdk-1.6.0.0.x86_64/bin/java
0066e000-0068f000 rw-p 00000000 00:00 0                                  [heap]
bae00000-bc1a0000 rw-p 00000000 00:00 0 
bc1a0000-ce750000 rw-p 00000000 00:00 0 
ce750000-d0e70000 rw-p 00000000 00:00 0 
d0e70000-f5a00000 rw-p 00000000 00:00 0 
f5a00000-f7690000 rw-p 00000000 00:00 0 
f7690000-100000000 rw-p 00000000 00:00 0 
7fe2d0000000-7fe2d053d000 rw-p 00000000 00:00 0 
7fe2d053d000-7fe2d4000000 ---p 00000000 00:00 0 
7fe2d8000000-7fe2dbfb7000 rw-p 00000000 00:00 0 
7fe2dbfb7000-7fe2dc000000 ---p 00000000 00:00 0 
7fe2dc000000-7fe2de93a000 rw-p 00000000 00:00 0 
7fe2de93a000-7fe2e0000000 ---p 00000000 00:00 0 
7fe2e0000000-7fe2e0107000 rw-p 00000000 00:00 0 
7fe2e0107000-7fe2e4000000 ---p 00000000 00:00 0 
7fe2e616f000-7fe2ec000000 r--p 00000000 ca:01 34502                      /usr/lib/locale/locale-archive
7fe2ec000000-7fe2ec021000 rw-p 00000000 00:00 0 
7fe2ec021000-7fe2f0000000 ---p 00000000 00:00 0 
7fe2f0000000-7fe2f0021000 rw-p 00000000 00:00 0 
7fe2f0021000-7fe2f4000000 ---p 00000000 00:00 0 
7fe2f4000000-7fe2f40a9000 rw-p 00000000 00:00 0 
7fe2f40a9000-7fe2f8000000 ---p 00000000 00:00 0 
7fe2f9000000-7fe2f9270000 rwxp 00000000 00:00 0 
7fe2f9270000-7fe2fc455000 rw-p 00000000 00:00 0 
7fe2fc455000-7fe300000000 ---p 00000000 00:00 0 
7fe30020e000-7fe300211000 ---p 00000000 00:00 0 
7fe300211000-7fe30030f000 rw-p 00000000 00:00 0                          [stack:14379]
7fe30030f000-7fe300312000 ---p 00000000 00:00 0 
7fe300312000-7fe300410000 rw-p 00000000 00:00 0                          [stack:10338]
7fe300410000-7fe300413000 ---p 00000000 00:00 0 
7fe300413000-7fe300511000 rw-p 00000000 00:00 0                          [stack:10335]
7fe300511000-7fe300514000 ---p 00000000 00:00 0 
7fe300514000-7fe300612000 rw-p 00000000 00:00 0                          [stack:10334]
7fe300612000-7fe300615000 ---p 00000000 00:00 0 
7fe300615000-7fe300713000 rw-p 00000000 00:00 0                          [stack:10333]
7fe300713000-7fe30072a000 r-xp 00000000 ca:01 20776                      /lib64/libresolv-2.12.so
7fe30072a000-7fe30092a000 ---p 00017000 ca:01 20776                      /lib64/libresolv-2.12.so
7fe30092a000-7fe30092b000 r--p 00017000 ca:01 20776                      /lib64/libresolv-2.12.so
7fe30092b000-7fe30092c000 rw-p 00018000 ca:01 20776                      /lib64/libresolv-2.12.so
7fe30092c000-7fe30092e000 rw-p 00000000 00:00 0 
7fe30092e000-7fe300934000 r-xp 00000000 ca:01 5130                       /lib64/libnss_dns-2.12.so
7fe300934000-7fe300b33000 ---p 00006000 ca:01 5130                       /lib64/libnss_dns-2.12.so
7fe300b33000-7fe300b34000 r--p 00005000 ca:01 5130                       /lib64/libnss_dns-2.12.so
7fe300b34000-7fe300b35000 rw-p 00006000 ca:01 5130                       /lib64/libnss_dns-2.12.so
7fe300b3f000-7fe300b42000 ---p 00000000 00:00 0 
7fe300b42000-7fe300c40000 rw-p 00000000 00:00 0                          [stack:10332]
7fe300c40000-7fe300c43000 r--s 00077000 ca:01 26343                      /usr/lib/jvm/java-1.6.0-openjdk-1.6.0.0.x86_64/jre/lib/ext/localedata.jar
7fe300c43000-7fe300c45000 r--s 00006000 ca:01 1574683                    /root/.m2/repository/clouds-client-basic/clouds-client-basic/0.1-SNAPSHOT/clouds-client-basic-0.1-SNAPSHOT.jar
7fe300c45000-7fe300c4e000 r--s 0006f000 ca:01 54373                      /root/.m2/repository/log4j/log4j/1.2.17/log4j-1.2.17.jar
7fe300c4e000-7fe300c50000 r--s 00001000 ca:01 54369                      /root/.m2/repository/org/slf4j/slf4j-log4j12/1.7.1/slf4j-log4j12-1.7.1.jar
7fe300c50000-7fe300c52000 r--s 00003000 ca:01 54368                      /root/.m2/repository/org/slf4j/jcl-over-slf4j/1.7.1/jcl-over-slf4j-1.7.1.jar
7fe300c52000-7fe300c54000 r--s 00005000 ca:01 54366                      /root/.m2/repository/org/slf4j/slf4j-api/1.7.1/slf4j-api-1.7.1.jar
7fe300c54000-7fe300c57000 r--s 00024000 ca:01 55120                      /root/.m2/repository/com/coasttocoastresearch/apg/1.0/apg-1.0.jar
7fe300c57000-7fe300c73000 r--s 001ed000 ca:01 55132                      /root/.m2/repository/com/sleepycat/je/4.0.92/je-4.0.92.jar
7fe300c73000-7fe300c8c000 r--s 002fd000 ca:01 55129                      /root/.m2/repository/com/ibm/icu/icu4j/3.4.4/icu4j-3.4.4.jar
7fe300c8c000-7fe300c91000 r--s 0002a000 ca:01 918108                     /root/.m2/repository/com/google/code/gson/gson/2.2.4/gson-2.2.4.jar
7fe300c91000-7fe300c98000 r--s 0003a000 ca:01 790720                     /root/.m2/repository/commons-codec/commons-codec/1.8/commons-codec-1.8.jar
7fe300c98000-7fe300c9d000 r--s 00041000 ca:01 55126                      /root/.m2/repository/commons-lang/commons-lang/2.6/commons-lang-2.6.jar
7fe300c9d000-7fe300caa000 r--s 00086000 ca:01 55279                      /root/.m2/repository/xdi2/xdi2-core/0.1-SNAPSHOT/xdi2-core-0.1-SNAPSHOT.jar
7fe300caa000-7fe300cae000 r--s 0001f000 ca:01 55285                      /root/.m2/repository/xdi2/xdi2-messaging/0.1-SNAPSHOT/xdi2-messaging-0.1-SNAPSHOT.jar
7fe300cae000-7fe300caf000 r--s 00004000 ca:01 55291                      /root/.m2/repository/xdi2/xdi2-client/0.1-SNAPSHOT/xdi2-client-0.1-SNAPSHOT.jar
7fe300caf000-7fe300cb6000 r--s 0003f000 ca:01 1574546                    /root/.m2/repository/org/glassfish/hk2/external/cglib/2.2.0-b14/cglib-2.2.0-b14.jar
7fe300cb6000-7fe300cbb000 r--s 0004a000 ca:01 1574544                    /root/.m2/repository/org/glassfish/hk2/external/asm-all-repackaged/2.2.0-b14/asm-all-repackaged-2.2.0-b14.jar
7fe300cbb000-7fe300cbe000 r--s 0001e000 ca:01 1574543                    /root/.m2/repository/org/glassfish/hk2/hk2-locator/2.2.0-b14/hk2-locator-2.2.0-b14.jar
7fe300cbe000-7fe300cc1000 r--s 0000b000 ca:01 1574540                    /root/.m2/repository/org/glassfish/hk2/hk2-utils/2.2.0-b14/hk2-utils-2.2.0-b14.jar
7fe300cc1000-7fe300cc5000 r--s 0001b000 ca:01 1574538                    /root/.m2/repository/org/glassfish/hk2/hk2-api/2.2.0-b14/hk2-api-2.2.0-b14.jar
7fe300cc5000-7fe300cee000 r--s 001ee000 ca:01 1574537                    /root/.m2/repository/com/google/guava/guava/14.0.1/guava-14.0.1.jar
7fe300cee000-7fe300cf1000 r--s 0001a000 ca:01 1574534                    /root/.m2/repository/org/glassfish/jersey/core/jersey-client/2.2/jersey-client-2.2.jar
7fe300cf1000-7fe300cf5000 r--s 00018000 ca:01 1574532                    /root/.m2/repository/javax/ws/rs/javax.ws.rs-api/2.0/javax.ws.rs-api-2.0.jar
7fe300cf5000-7fe300cf9000 r--s 0000c000 ca:01 1574529                    /root/.m2/repository/javax/validation/validation-api/1.1.0.Final/validation-api-1.1.0.Final.jar
7fe300cf9000-7fe300d0d000 r--s 000b0000 ca:01 1574527                    /root/.m2/repository/org/glassfish/jersey/core/jersey-server/2.2/jersey-server-2.2.jar
7fe300d0d000-7fe300d0e000 r--s 00004000 ca:01 1574526                    /root/.m2/repository/org/glassfish/hk2/osgi-resource-locator/1.0.1/osgi-resource-locator-1.0.1.jar
7fe300d0e000-7fe300d10000 r--s 00005000 ca:01 1574523                    /root/.m2/repository/javax/annotation/javax.annotation-api/1.2/javax.annotation-api-1.2.jar
7fe300d10000-7fe300d1d000 r--s 00086000 ca:01 1574519                    /root/.m2/repository/org/glassfish/jersey/core/jersey-common/2.2/jersey-common-2.2.jar
7fe300d1d000-7fe300d1f000 r--s 00001000 ca:01 1574520                    /root/.m2/repository/org/glassfish/grizzly/grizzly-rcm/2.3.3/grizzly-rcm-2.3.3.jar
7fe300d1f000-7fe300d2f000 r--s 000b1000 ca:01 1574521                    /root/.m2/repository/org/glassfish/grizzly/grizzly-framework/2.3.3/grizzly-framework-2.3.3.jar
7fe300d2f000-7fe300d34000 r--s 00047000 ca:01 1574531                    /root/.m2/repository/org/glassfish/grizzly/grizzly-http/2.3.3/grizzly-http-2.3.3.jar
7fe300d34000-7fe300d38000 r--s 0002c000 ca:01 1574517                    /root/.m2/repository/org/glassfish/grizzly/grizzly-http-server/2.3.3/grizzly-http-server-2.3.3.jar
7fe300d38000-7fe300d39000 r--s 00001000 ca:01 1574516                    /root/.m2/repository/org/glassfish/hk2/external/javax.inject/2.2.0-b14/javax.inject-2.2.0-b14.jar
7fe300d39000-7fe300d3b000 r--s 00005000 ca:01 1048967                    /root/.m2/repository/org/glassfish/jersey/containers/jersey-container-grizzly2-http/2.2/jersey-container-grizzly2-http-2.2.jar
7fe300d3b000-7fe300d3d000 r--s 0000b000 ca:01 921748                     /root/.m2/repository/org/apache/commons/commons-exec/1.1/commons-exec-1.1.jar
7fe300d3d000-7fe300d41000 r--s 00033000 ca:01 54395                      /root/.m2/repository/org/codehaus/plexus/plexus-utils/2.0.5/plexus-utils-2.0.5.jar
7fe300d41000-7fe300d43000 r--s 00002000 ca:01 54892                      /root/.m2/repository/org/codehaus/plexus/plexus-interactivity-api/1.0-alpha-4/plexus-interactivity-api-1.0-alpha-4.jar
7fe300d43000-7fe300d45000 r--s 00006000 ca:01 54891                      /root/.m2/repository/commons-cli/commons-cli/1.0/commons-cli-1.0.jar
7fe300d45000-7fe300d46000 r--s 00001000 ca:01 54913                      /root/.m2/repository/org/apache/maven/doxia/doxia-sink-api/1.0-alpha-7/doxia-sink-api-1.0-alpha-7.jar
7fe300d46000-7fe300d47000 r--s 00002000 ca:01 54912                      /root/.m2/repository/org/apache/maven/reporting/maven-reporting-api/2.0.6/maven-reporting-api-2.0.6.jar
7fe300d47000-7fe300d49000 r--s 00008000 ca:01 921005                     /root/.m2/repository/org/codehaus/mojo/exec-maven-plugin/1.2.1/exec-maven-plugin-1.2.1.jar
7fe300d49000-7fe300d51000 r-xp 00000000 ca:01 43749                      /usr/lib/jvm/java-1.6.0-openjdk-1.6.0.0.x86_64/jre/lib/amd64/libnio.so
7fe300d51000-7fe300f50000 ---p 00008000 ca:01 43749                      /usr/lib/jvm/java-1.6.0-openjdk-1.6.0.0.x86_64/jre/lib/amd64/libnio.so
7fe300f50000-7fe300f51000 rw-p 00007000 ca:01 43749                      /usr/lib/jvm/java-1.6.0-openjdk-1.6.0.0.x86_64/jre/lib/amd64/libnio.so
7fe300f51000-7fe300f65000 r-xp 00000000 ca:01 26313                      /usr/lib/jvm/java-1.6.0-openjdk-1.6.0.0.x86_64/jre/lib/amd64/libnet.so
7fe300f65000-7fe301165000 ---p 00014000 ca:01 26313                      /usr/lib/jvm/java-1.6.0-openjdk-1.6.0.0.x86_64/jre/lib/amd64/libnet.so
7fe301165000-7fe301166000 rw-p 00014000 ca:01 26313                      /usr/lib/jvm/java-1.6.0-openjdk-1.6.0.0.x86_64/jre/lib/amd64/libnet.so
7fe301166000-7fe301167000 r--p 00000000 00:00 0 
7fe301167000-7fe30116a000 ---p 00000000 00:00 0 
7fe30116a000-7fe301268000 rw-p 00000000 00:00 0                          [stack:10331]
7fe301268000-7fe30126f000 r--s 00040000 ca:01 165133                     /opt/apache-maven-3.0.5/lib/sisu-inject-bean-2.3.0.jar
7fe30126f000-7fe301271000 r--s 0000b000 ca:01 165130                     /opt/apache-maven-3.0.5/lib/maven-artifact-3.0.5.jar
7fe301271000-7fe301272000 r--s 00002000 ca:01 165163                     /opt/apache-maven-3.0.5/lib/wagon-file-2.4.jar
7fe301272000-7fe30127a000 r--s 00050000 ca:01 165134                     /opt/apache-maven-3.0.5/lib/sisu-guice-3.1.0-no_aop.jar
7fe30127a000-7fe30127c000 r--s 0000a000 ca:01 165115                     /opt/apache-maven-3.0.5/lib/maven-settings-3.0.5.jar
7fe30127c000-7fe30129b000 r--s 00152000 ca:01 165135                     /opt/apache-maven-3.0.5/lib/sisu-guava-0.9.9.jar
7fe30129b000-7fe30129d000 r--s 00026000 ca:01 165119                     /opt/apache-maven-3.0.5/lib/maven-model-3.0.5.jar
7fe30129d000-7fe30129e000 r--s 00006000 ca:01 165127                     /opt/apache-maven-3.0.5/lib/plexus-sec-dispatcher-1.3.jar
7fe30129e000-7fe3012a2000 r--s 00021000 ca:01 165136                     /opt/apache-maven-3.0.5/lib/maven-model-builder-3.0.5.jar
7fe3012a2000-7fe3012a6000 r--s 00033000 ca:01 165116                     /opt/apache-maven-3.0.5/lib/plexus-utils-2.0.6.jar
7fe3012a6000-7fe3012a8000 r--s 0000b000 ca:01 165131                     /opt/apache-maven-3.0.5/lib/maven-plugin-api-3.0.5.jar
7fe3012a8000-7fe3012ac000 r--s 0001c000 ca:01 165140                     /opt/apache-maven-3.0.5/lib/aether-util-1.13.1.jar
7fe3012ac000-7fe3012b2000 r--s 0003f000 ca:01 165159                     /opt/apache-maven-3.0.5/lib/maven-compat-3.0.5.jar
7fe3012b2000-7fe3012b5000 r--s 00013000 ca:01 165138                     /opt/apache-maven-3.0.5/lib/aether-api-1.13.1.jar
7fe3012b5000-7fe3012b8000 r--s 0001d000 ca:01 165158                     /opt/apache-maven-3.0.5/lib/aether-impl-1.13.1.jar
7fe3012b8000-7fe3012bb000 r--s 00008000 ca:01 165120                     /opt/apache-maven-3.0.5/lib/maven-settings-builder-3.0.5.jar
7fe3012bb000-7fe3012c1000 r--s 0002c000 ca:01 165132                     /opt/apache-maven-3.0.5/lib/sisu-inject-plexus-2.3.0.jar
7fe3012c1000-7fe3012c3000 r--s 0000d000 ca:01 165121                     /opt/apache-maven-3.0.5/lib/plexus-interpolation-1.14.jar
7fe3012c3000-7fe3012c5000 r--s 00009000 ca:01 165161                     /opt/apache-maven-3.0.5/lib/commons-cli-1.2.jar
7fe3012c5000-7fe3012c7000 r--s 00006000 ca:01 165129                     /opt/apache-maven-3.0.5/lib/maven-repository-metadata-3.0.5.jar
7fe3012c7000-7fe3012e2000 r--s 000fa000 ca:01 165162                     /opt/apache-maven-3.0.5/lib/wagon-http-2.4-shaded.jar
7fe3012e2000-7fe3012e4000 r--s 00002000 ca:01 165128                     /opt/apache-maven-3.0.5/lib/plexus-cipher-1.7.jar
7fe3012e4000-7fe3012e6000 r--s 00006000 ca:01 165164                     /opt/apache-maven-3.0.5/lib/aether-connector-wagon-1.13.1.jar
7fe3012e6000-7fe3012e8000 r--s 0000b000 ca:01 165160                     /opt/apache-maven-3.0.5/lib/wagon-provider-api-2.4.jar
7fe3012e8000-7fe3012ea000 r--s 00000000 ca:01 165122                     /opt/apache-maven-3.0.5/lib/plexus-component-annotations-1.5.5.jar
7fe3012ea000-7fe3012eb000 r--s 0000a000 ca:01 165110                     /opt/apache-maven-3.0.5/lib/maven-embedder-3.0.5.jar
7fe3012eb000-7fe3012ed000 r--s 0000c000 ca:01 165137                     /opt/apache-maven-3.0.5/lib/maven-aether-provider-3.0.5.jar
7fe3012ed000-7fe3012f9000 r--s 0007d000 ca:01 165118                     /opt/apache-maven-3.0.5/lib/maven-core-3.0.5.jar
7fe3012f9000-7fe3012fa000 r--s 00003000 ca:01 165139                     /opt/apache-maven-3.0.5/lib/aether-spi-1.13.1.jar
7fe3012fa000-7fe3012fb000 ---p 00000000 00:00 0 
7fe3012fb000-7fe3013fb000 rw-p 00000000 00:00 0                          [stack:10328]
7fe3013fb000-7fe3013fe000 ---p 00000000 00:00 0 
7fe3013fe000-7fe3014fc000 rw-p 00000000 00:00 0                          [stack:10327]
7fe3014fc000-7fe3014ff000 ---p 00000000 00:00 0 
7fe3014ff000-7fe3015fd000 rw-p 00000000 00:00 0                          [stack:10326]
7fe3015fd000-7fe301600000 ---p 00000000 00:00 0 
7fe301600000-7fe3016fe000 rw-p 00000000 00:00 0                          [stack:10325]
7fe3016fe000-7fe301701000 ---p 00000000 00:00 0 
7fe301701000-7fe3017ff000 rw-p 00000000 00:00 0                          [stack:10324]
7fe3017ff000-7fe301802000 ---p 00000000 00:00 0 
7fe301802000-7fe301900000 rw-p 00000000 00:00 0                          [stack:10323]
7fe301900000-7fe301903000 ---p 00000000 00:00 0 
7fe301903000-7fe301a01000 rw-p 00000000 00:00 0                          [stack:10322]
7fe301a01000-7fe301a02000 ---p 00000000 00:00 0 
7fe301a02000-7fe301b35000 rw-p 00000000 00:00 0                          [stack:10321]
7fe301b35000-7fe301cc9000 r--s 037fc000 ca:01 43764                      /usr/lib/jvm/java-1.6.0-openjdk-1.6.0.0.x86_64/jre/lib/rt.jar
7fe301cc9000-7fe301cd8000 rw-p 00000000 00:00 0 
7fe301cd8000-7fe301d1d000 rw-p 00000000 00:00 0 
7fe301d1d000-7fe301d31000 rw-p 00000000 00:00 0 
7fe301d31000-7fe301e57000 rw-p 00000000 00:00 0 
7fe301e57000-7fe301e61000 rw-p 00000000 00:00 0 
7fe301e61000-7fe301ef3000 rw-p 00000000 00:00 0 
7fe301ef3000-7fe301f08000 rw-p 00000000 00:00 0 
7fe301f08000-7fe30202d000 rw-p 00000000 00:00 0 
7fe30202d000-7fe30203c000 rw-p 00000000 00:00 0 
7fe30203c000-7fe302080000 rw-p 00000000 00:00 0 
7fe302080000-7fe302081000 rw-p 00000000 00:00 0 
7fe302081000-7fe302088000 r-xp 00000000 ca:01 43752                      /usr/lib/jvm/java-1.6.0-openjdk-1.6.0.0.x86_64/jre/lib/amd64/libzip.so
7fe302088000-7fe302287000 ---p 00007000 ca:01 43752                      /usr/lib/jvm/java-1.6.0-openjdk-1.6.0.0.x86_64/jre/lib/amd64/libzip.so
7fe302287000-7fe302288000 rw-p 00006000 ca:01 43752                      /usr/lib/jvm/java-1.6.0-openjdk-1.6.0.0.x86_64/jre/lib/amd64/libzip.so
7fe302288000-7fe302294000 r-xp 00000000 ca:01 20767                      /lib64/libnss_files-2.12.so
7fe302294000-7fe302493000 ---p 0000c000 ca:01 20767                      /lib64/libnss_files-2.12.so
7fe302493000-7fe302494000 r--p 0000b000 ca:01 20767                      /lib64/libnss_files-2.12.so
7fe302494000-7fe302495000 rw-p 0000c000 ca:01 20767                      /lib64/libnss_files-2.12.so
7fe302495000-7fe3024ab000 r-xp 00000000 ca:01 20754                      /lib64/libnsl-2.12.so
7fe3024ab000-7fe3026aa000 ---p 00016000 ca:01 20754                      /lib64/libnsl-2.12.so
7fe3026aa000-7fe3026ab000 r--p 00015000 ca:01 20754                      /lib64/libnsl-2.12.so
7fe3026ab000-7fe3026ac000 rw-p 00016000 ca:01 20754                      /lib64/libnsl-2.12.so
7fe3026ac000-7fe3026ae000 rw-p 00000000 00:00 0 
7fe3026ae000-7fe3026da000 r-xp 00000000 ca:01 26302                      /usr/lib/jvm/java-1.6.0-openjdk-1.6.0.0.x86_64/jre/lib/amd64/libjava.so
7fe3026da000-7fe3028d9000 ---p 0002c000 ca:01 26302                      /usr/lib/jvm/java-1.6.0-openjdk-1.6.0.0.x86_64/jre/lib/amd64/libjava.so
7fe3028d9000-7fe3028dd000 rw-p 0002b000 ca:01 26302                      /usr/lib/jvm/java-1.6.0-openjdk-1.6.0.0.x86_64/jre/lib/amd64/libjava.so
7fe3028dd000-7fe3028eb000 r-xp 00000000 ca:01 26320                      /usr/lib/jvm/java-1.6.0-openjdk-1.6.0.0.x86_64/jre/lib/amd64/libverify.so
7fe3028eb000-7fe302aea000 ---p 0000e000 ca:01 26320                      /usr/lib/jvm/java-1.6.0-openjdk-1.6.0.0.x86_64/jre/lib/amd64/libverify.so
7fe302aea000-7fe302aec000 rw-p 0000d000 ca:01 26320                      /usr/lib/jvm/java-1.6.0-openjdk-1.6.0.0.x86_64/jre/lib/amd64/libverify.so
7fe302aec000-7fe302af3000 r-xp 00000000 ca:01 20778                      /lib64/librt-2.12.so
7fe302af3000-7fe302cf2000 ---p 00007000 ca:01 20778                      /lib64/librt-2.12.so
7fe302cf2000-7fe302cf3000 r--p 00006000 ca:01 20778                      /lib64/librt-2.12.so
7fe302cf3000-7fe302cf4000 rw-p 00007000 ca:01 20778                      /lib64/librt-2.12.so
7fe302cf4000-7fe302d09000 r-xp 00000000 ca:01 32755                      /lib64/libgcc_s-4.6.3-20120306.so.1
7fe302d09000-7fe302f08000 ---p 00015000 ca:01 32755                      /lib64/libgcc_s-4.6.3-20120306.so.1
7fe302f08000-7fe302f09000 rw-p 00014000 ca:01 32755                      /lib64/libgcc_s-4.6.3-20120306.so.1
7fe302f09000-7fe302f8b000 r-xp 00000000 ca:01 20751                      /lib64/libm-2.12.so
7fe302f8b000-7fe30318a000 ---p 00082000 ca:01 20751                      /lib64/libm-2.12.so
7fe30318a000-7fe30318b000 r--p 00081000 ca:01 20751                      /lib64/libm-2.12.so
7fe30318b000-7fe30318c000 rw-p 00082000 ca:01 20751                      /lib64/libm-2.12.so
7fe30318c000-7fe303274000 r-xp 00000000 ca:01 5874                       /usr/lib64/libstdc++.so.6.0.16
7fe303274000-7fe303474000 ---p 000e8000 ca:01 5874                       /usr/lib64/libstdc++.so.6.0.16
7fe303474000-7fe30347c000 r--p 000e8000 ca:01 5874                       /usr/lib64/libstdc++.so.6.0.16
7fe30347c000-7fe30347e000 rw-p 000f0000 ca:01 5874                       /usr/lib64/libstdc++.so.6.0.16
7fe30347e000-7fe303493000 rw-p 00000000 00:00 0 
7fe303493000-7fe303d95000 r-xp 00000000 ca:01 26326                      /usr/lib/jvm/java-1.6.0-openjdk-1.6.0.0.x86_64/jre/lib/amd64/server/libjvm.so
7fe303d95000-7fe303f95000 ---p 00902000 ca:01 26326                      /usr/lib/jvm/java-1.6.0-openjdk-1.6.0.0.x86_64/jre/lib/amd64/server/libjvm.so
7fe303f95000-7fe304030000 rw-p 00902000 ca:01 26326                      /usr/lib/jvm/java-1.6.0-openjdk-1.6.0.0.x86_64/jre/lib/amd64/server/libjvm.so
7fe304030000-7fe304059000 rw-p 00000000 00:00 0 
7fe304059000-7fe3041da000 r-xp 00000000 ca:01 5116                       /lib64/libc-2.12.so
7fe3041da000-7fe3043da000 ---p 00181000 ca:01 5116                       /lib64/libc-2.12.so
7fe3043da000-7fe3043de000 r--p 00181000 ca:01 5116                       /lib64/libc-2.12.so
7fe3043de000-7fe3043df000 rw-p 00185000 ca:01 5116                       /lib64/libc-2.12.so
7fe3043df000-7fe3043e5000 rw-p 00000000 00:00 0 
7fe3043e5000-7fe3043e7000 r-xp 00000000 ca:01 20749                      /lib64/libdl-2.12.so
7fe3043e7000-7fe3045e7000 ---p 00002000 ca:01 20749                      /lib64/libdl-2.12.so
7fe3045e7000-7fe3045e8000 r--p 00002000 ca:01 20749                      /lib64/libdl-2.12.so
7fe3045e8000-7fe3045e9000 rw-p 00003000 ca:01 20749                      /lib64/libdl-2.12.so
7fe3045e9000-7fe3045ed000 r-xp 00000000 ca:01 26286                      /usr/lib/jvm/java-1.6.0-openjdk-1.6.0.0.x86_64/jre/lib/amd64/jli/libjli.so
7fe3045ed000-7fe3047ec000 ---p 00004000 ca:01 26286                      /usr/lib/jvm/java-1.6.0-openjdk-1.6.0.0.x86_64/jre/lib/amd64/jli/libjli.so
7fe3047ec000-7fe3047ed000 rw-p 00003000 ca:01 26286                      /usr/lib/jvm/java-1.6.0-openjdk-1.6.0.0.x86_64/jre/lib/amd64/jli/libjli.so
7fe3047ed000-7fe304804000 r-xp 00000000 ca:01 5140                       /lib64/libpthread-2.12.so
7fe304804000-7fe304a03000 ---p 00017000 ca:01 5140                       /lib64/libpthread-2.12.so
7fe304a03000-7fe304a04000 r--p 00016000 ca:01 5140                       /lib64/libpthread-2.12.so
7fe304a04000-7fe304a05000 rw-p 00017000 ca:01 5140                       /lib64/libpthread-2.12.so
7fe304a05000-7fe304a09000 rw-p 00000000 00:00 0 
7fe304a09000-7fe304a1f000 r-xp 00000000 ca:01 5278                       /lib64/libz.so.1.2.5 (deleted)
7fe304a1f000-7fe304c1f000 ---p 00016000 ca:01 5278                       /lib64/libz.so.1.2.5 (deleted)
7fe304c1f000-7fe304c20000 rw-p 00016000 ca:01 5278                       /lib64/libz.so.1.2.5 (deleted)
7fe304c20000-7fe304c3e000 r-xp 00000000 ca:01 20738                      /lib64/ld-2.12.so
7fe304c3e000-7fe304c42000 r--s 0007e000 ca:01 43760                      /usr/lib/jvm/java-1.6.0-openjdk-1.6.0.0.x86_64/jre/lib/jsse.jar
7fe304c42000-7fe304c44000 r--s 0000a000 ca:01 165109                     /opt/apache-maven-3.0.5/boot/plexus-classworlds-2.4.jar
7fe304c44000-7fe304c76000 rw-p 00000000 00:00 0 
7fe304c76000-7fe304d2c000 rw-p 00000000 00:00 0 
7fe304d2c000-7fe304d2f000 ---p 00000000 00:00 0 
7fe304d2f000-7fe304e32000 rw-p 00000000 00:00 0                          [stack:10320]
7fe304e32000-7fe304e3a000 rw-s 00000000 ca:01 524499                     /tmp/hsperfdata_root/10318
7fe304e3a000-7fe304e3b000 rw-p 00000000 00:00 0 
7fe304e3b000-7fe304e3c000 r--p 00000000 00:00 0 
7fe304e3c000-7fe304e3d000 rw-p 00000000 00:00 0 
7fe304e3d000-7fe304e3e000 r--p 0001d000 ca:01 20738                      /lib64/ld-2.12.so
7fe304e3e000-7fe304e3f000 rw-p 0001e000 ca:01 20738                      /lib64/ld-2.12.so
7fe304e3f000-7fe304e40000 rw-p 00000000 00:00 0 
7fffab8ec000-7fffab90d000 rw-p 00000000 00:00 0                          [stack]
7fffab9ff000-7fffaba00000 r-xp 00000000 00:00 0                          [vdso]
ffffffffff600000-ffffffffff601000 r-xp 00000000 00:00 0                  [vsyscall]

VM Arguments:
jvm_args: -Dclassworlds.conf=/opt/apache-maven-3.0.5/bin/m2.conf -Dmaven.home=/opt/apache-maven-3.0.5 
java_command: org.codehaus.plexus.classworlds.launcher.Launcher exec:java
Launcher Type: SUN_STANDARD

Environment Variables:
JAVA_HOME=/usr/lib/jvm/java
PATH=/usr/local/sbin:/usr/local/bin:/sbin:/bin:/usr/sbin:/usr/bin:/opt/aws/bin:/root/bin:/opt/apache-maven-3.0.5/bin
LD_LIBRARY_PATH=/usr/lib/jvm/java-1.6.0-openjdk-1.6.0.0.x86_64/jre/lib/amd64/server:/usr/lib/jvm/java-1.6.0-openjdk-1.6.0.0.x86_64/jre/lib/amd64:/usr/lib/jvm/java-1.6.0-openjdk-1.6.0.0.x86_64/jre/../lib/amd64
SHELL=/bin/bash

Signal Handlers:
SIGSEGV: [libjvm.so+0x785000], sa_mask[0]=0x7ffbfeff, sa_flags=0x10000004
SIGBUS: [libjvm.so+0x785000], sa_mask[0]=0x7ffbfeff, sa_flags=0x10000004
SIGFPE: [libjvm.so+0x649b50], sa_mask[0]=0x7ffbfeff, sa_flags=0x10000004
SIGPIPE: [libjvm.so+0x649b50], sa_mask[0]=0x7ffbfeff, sa_flags=0x10000004
SIGXFSZ: [libjvm.so+0x649b50], sa_mask[0]=0x7ffbfeff, sa_flags=0x10000004
SIGILL: [libjvm.so+0x649b50], sa_mask[0]=0x7ffbfeff, sa_flags=0x10000004
SIGUSR1: SIG_DFL, sa_mask[0]=0x00000000, sa_flags=0x00000000
SIGUSR2: [libjvm.so+0x649d10], sa_mask[0]=0x00000000, sa_flags=0x10000004
SIGHUP: [libjvm.so+0x64c530], sa_mask[0]=0x7ffbfeff, sa_flags=0x10000004
SIGINT: [libjvm.so+0x64c530], sa_mask[0]=0x7ffbfeff, sa_flags=0x10000004
SIGTERM: [libjvm.so+0x64c530], sa_mask[0]=0x7ffbfeff, sa_flags=0x10000004
SIGQUIT: [libjvm.so+0x64c530], sa_mask[0]=0x7ffbfeff, sa_flags=0x10000004


---------------  S Y S T E M  ---------------

OS:Linux
uname:Linux 3.4.48-45.46.amzn1.x86_64 #1 SMP Wed Jun 12 02:04:44 UTC 2013 x86_64
libc:glibc 2.12 NPTL 2.12 
rlimit: STACK 8192k, CORE 0k, NPROC 29849, NOFILE 4096, AS infinity
load average:0.02 0.08 0.07

/proc/meminfo:
MemTotal:        3844592 kB
MemFree:          392920 kB
Buffers:          402996 kB
Cached:          1520648 kB
SwapCached:         3624 kB
Active:          1980308 kB
Inactive:        1066216 kB
Active(anon):     912148 kB
Inactive(anon):   217796 kB
Active(file):    1068160 kB
Inactive(file):   848420 kB
Unevictable:           0 kB
Mlocked:               0 kB
SwapTotal:       1572856 kB
SwapFree:        1562624 kB
Dirty:               100 kB
Writeback:             0 kB
AnonPages:       1119436 kB
Mapped:            92696 kB
Shmem:              7016 kB
Slab:             366316 kB
SReclaimable:     353816 kB
SUnreclaim:        12500 kB
KernelStack:        1976 kB
PageTables:        14456 kB
NFS_Unstable:          0 kB
Bounce:                0 kB
WritebackTmp:          0 kB
CommitLimit:     3495152 kB
Committed_AS:    1391872 kB
VmallocTotal:   34359738367 kB
VmallocUsed:       17096 kB
VmallocChunk:   34359719699 kB
AnonHugePages:         0 kB
HugePages_Total:       0
HugePages_Free:        0
HugePages_Rsvd:        0
HugePages_Surp:        0
Hugepagesize:       2048 kB
DirectMap4k:     3940352 kB
DirectMap2M:           0 kB


CPU:total 1 (4 cores per cpu, 1 threads per core) family 6 model 23 stepping 10, cmov, cx8, fxsr, mmx, sse, sse2, sse3, ssse3, sse4.1

Memory: 4k page, physical 3844592k(392920k free), swap 1572856k(1562624k free)

vm_info: OpenJDK 64-Bit Server VM (20.0-b12) for linux-amd64 JRE (1.6.0_24-b24), built on Jul 10 2013 21:27:14 by "mockbuild" with gcc 4.6.3 20120306 (Red Hat 4.6.3-2)

time: Tue Oct 15 18:43:26 2013
elapsed time: 2168232 seconds

