[INFO] Scanning for projects...
[INFO]                                                                         
[INFO] ------------------------------------------------------------------------
[INFO] Building simple-service 1.0-SNAPSHOT
[INFO] ------------------------------------------------------------------------
[INFO] 
[INFO] >>> exec-maven-plugin:1.2.1:java (default-cli) @ simple-service >>>
[INFO] 
[INFO] <<< exec-maven-plugin:1.2.1:java (default-cli) @ simple-service <<<
[INFO] 
[INFO] --- exec-maven-plugin:1.2.1:java (default-cli) @ simple-service ---
Sep 19, 2013 4:46:13 PM org.glassfish.jersey.server.ApplicationHandler initialize
INFO: Initiating Jersey application, version Jersey: 2.2 2013-08-14 08:51:58...
Sep 19, 2013 4:46:16 PM org.glassfish.grizzly.http.server.NetworkListener start
INFO: Started listener bound to [ec2-54-224-127-191.compute-1.amazonaws.com:8080]
Sep 19, 2013 4:46:16 PM org.glassfish.grizzly.http.server.HttpServer start
INFO: [HttpServer] Started.
Jersey app started with WADL available at http://ec2-54-224-127-191.compute-1.amazonaws.com:8080/myapp/application.wadl
Hit enter to stop it...
[WARNING] 
java.lang.reflect.InvocationTargetException
	at sun.reflect.NativeMethodAccessorImpl.invoke0(Native Method)
	at sun.reflect.NativeMethodAccessorImpl.invoke(NativeMethodAccessorImpl.java:57)
	at sun.reflect.DelegatingMethodAccessorImpl.invoke(DelegatingMethodAccessorImpl.java:43)
	at java.lang.reflect.Method.invoke(Method.java:616)
	at org.codehaus.mojo.exec.ExecJavaMojo$1.run(ExecJavaMojo.java:297)
	at java.lang.Thread.run(Thread.java:679)
Caused by: java.io.IOException: Bad file descriptor
	at java.io.FileInputStream.readBytes(Native Method)
	at java.io.FileInputStream.read(FileInputStream.java:236)
	at java.io.BufferedInputStream.fill(BufferedInputStream.java:235)
	at java.io.BufferedInputStream.read(BufferedInputStream.java:254)
	at com.example.Main.main(Main.java:41)
	... 6 more
[INFO] ------------------------------------------------------------------------
[INFO] BUILD FAILURE
[INFO] ------------------------------------------------------------------------
[INFO] Total time: 8.376s
[INFO] Finished at: Thu Sep 19 16:46:16 UTC 2013
[INFO] Final Memory: 6M/56M
[INFO] ------------------------------------------------------------------------
[ERROR] Failed to execute goal org.codehaus.mojo:exec-maven-plugin:1.2.1:java (default-cli) on project simple-service: An exception occured while executing the Java class. null: InvocationTargetException: Bad file descriptor -> [Help 1]
[ERROR] 
[ERROR] To see the full stack trace of the errors, re-run Maven with the -e switch.
[ERROR] Re-run Maven using the -X switch to enable full debug logging.
[ERROR] 
[ERROR] For more information about the errors and possible solutions, please read the following articles:
[ERROR] [Help 1] http://cwiki.apache.org/confluence/display/MAVEN/MojoExecutionException
